This file contains any messages produced by compilers while
running configure, to aid debugging if configure makes a mistake.

It was created by birthday_reminder configure 1.0, which was
generated by GNU Autoconf 2.61.  Invocation command line was

  $ ./configure 

## --------- ##
## Platform. ##
## --------- ##

hostname = paktolos
uname -m = i686
uname -r = 2.6.26-2-686
uname -s = Linux
uname -v = #1 SMP Thu Mar 26 01:08:11 UTC 2009

/usr/bin/uname -p = unknown
/bin/uname -X     = unknown

/bin/arch              = unknown
/usr/bin/arch -k       = unknown
/usr/convex/getsysinfo = unknown
/usr/bin/hostinfo      = unknown
/bin/machine           = unknown
/usr/bin/oslevel       = unknown
/bin/universe          = unknown

PATH: /home/kgraefe/bin
PATH: /usr/local/bin
PATH: /usr/bin
PATH: /bin
PATH: /usr/games


## ----------- ##
## Core tests. ##
## ----------- ##

configure:2028: checking for a BSD-compatible install
configure:2084: result: /usr/bin/install -c
configure:2095: checking whether build environment is sane
configure:2138: result: yes
configure:2171: checking for gawk
configure:2201: result: no
configure:2171: checking for mawk
configure:2187: found /usr/bin/mawk
configure:2198: result: mawk
configure:2209: checking whether make sets $(MAKE)
configure:2230: result: yes
configure:2494: checking for gcc
configure:2510: found /usr/bin/gcc
configure:2521: result: gcc
configure:2759: checking for C compiler version
configure:2766: gcc --version >&5
gcc (Debian 4.3.2-1.1) 4.3.2
Copyright (C) 2008 Free Software Foundation, Inc.
This is free software; see the source for copying conditions.  There is NO
warranty; not even for MERCHANTABILITY or FITNESS FOR A PARTICULAR PURPOSE.

configure:2769: $? = 0
configure:2776: gcc -v >&5
Using built-in specs.
Target: i486-linux-gnu
Configured with: ../src/configure -v --with-pkgversion='Debian 4.3.2-1.1' --with-bugurl=file:///usr/share/doc/gcc-4.3/README.Bugs --enable-languages=c,c++,fortran,objc,obj-c++ --prefix=/usr --enable-shared --with-system-zlib --libexecdir=/usr/lib --without-included-gettext --enable-threads=posix --enable-nls --with-gxx-include-dir=/usr/include/c++/4.3 --program-suffix=-4.3 --enable-clocale=gnu --enable-libstdcxx-debug --enable-objc-gc --enable-mpfr --enable-targets=all --enable-cld --enable-checking=release --build=i486-linux-gnu --host=i486-linux-gnu --target=i486-linux-gnu
Thread model: posix
gcc version 4.3.2 (Debian 4.3.2-1.1) 
configure:2779: $? = 0
configure:2786: gcc -V >&5
gcc: '-V' option must have argument
configure:2789: $? = 1
configure:2812: checking for C compiler default output file name
configure:2839: gcc    conftest.c  >&5
configure:2842: $? = 0
configure:2880: result: a.out
configure:2897: checking whether the C compiler works
configure:2907: ./a.out
configure:2910: $? = 0
configure:2927: result: yes
configure:2934: checking whether we are cross compiling
configure:2936: result: no
configure:2939: checking for suffix of executables
configure:2946: gcc -o conftest    conftest.c  >&5
configure:2949: $? = 0
configure:2973: result: 
configure:2979: checking for suffix of object files
configure:3005: gcc -c   conftest.c >&5
configure:3008: $? = 0
configure:3031: result: o
configure:3035: checking whether we are using the GNU C compiler
configure:3064: gcc -c   conftest.c >&5
configure:3070: $? = 0
configure:3087: result: yes
configure:3092: checking whether gcc accepts -g
configure:3122: gcc -c -g  conftest.c >&5
configure:3128: $? = 0
configure:3227: result: yes
configure:3244: checking for gcc option to accept ISO C89
configure:3318: gcc  -c -g -O2  conftest.c >&5
configure:3324: $? = 0
configure:3347: result: none needed
configure:3376: checking for style of include used by make
configure:3404: result: GNU
configure:3432: checking dependency style of gcc
configure:3515: result: gcc3
configure:3610: checking build system type
configure:3628: result: i686-pc-linux-gnu
configure:3650: checking host system type
configure:3665: result: i686-pc-linux-gnu
configure:3687: checking for a sed that does not truncate output
configure:3743: result: /bin/sed
configure:3746: checking for grep that handles long lines and -e
configure:3820: result: /bin/grep
configure:3825: checking for egrep
configure:3903: result: /bin/grep -E
configure:3919: checking for ld used by gcc
configure:3986: result: /usr/bin/ld
configure:3995: checking if the linker (/usr/bin/ld) is GNU ld
configure:4010: result: yes
configure:4015: checking for /usr/bin/ld option to reload object files
configure:4022: result: -r
configure:4040: checking for BSD-compatible nm
configure:4089: result: /usr/bin/nm -B
configure:4093: checking whether ln -s works
configure:4097: result: yes
configure:4104: checking how to recognize dependent libraries
configure:4290: result: pass_all
configure:4535: checking how to run the C preprocessor
configure:4575: gcc -E  conftest.c
configure:4581: $? = 0
configure:4612: gcc -E  conftest.c
conftest.c:15:28: error: ac_nonexistent.h: No such file or directory
configure:4618: $? = 1
configure: failed program was:
| /* confdefs.h.  */
| #define PACKAGE_NAME "birthday_reminder"
| #define PACKAGE_TARNAME "birthday_reminder"
| #define PACKAGE_VERSION "1.0"
| #define PACKAGE_STRING "birthday_reminder 1.0"
| #define PACKAGE_BUGREPORT "freakazoid@htwm.de"
| #define PACKAGE "birthday_reminder"
| #define VERSION "1.0"
| #define PLUGIN_VERSION "1.0"
| #define PLUGIN_WEBSITE "http://freakazoid.teamblind.de/"
| #define PLUGIN_ID "gtk-freakazoid-birthday_reminder"
| #define PLUGIN_STATIC_NAME "birthday_reminder"
| #define PLUGIN_AUTHOR "Konrad Gräfe <freakazoid@teamblind.de>"
| /* end confdefs.h.  */
| #include <ac_nonexistent.h>
configure:4651: result: gcc -E
configure:4680: gcc -E  conftest.c
configure:4686: $? = 0
configure:4717: gcc -E  conftest.c
conftest.c:15:28: error: ac_nonexistent.h: No such file or directory
configure:4723: $? = 1
configure: failed program was:
| /* confdefs.h.  */
| #define PACKAGE_NAME "birthday_reminder"
| #define PACKAGE_TARNAME "birthday_reminder"
| #define PACKAGE_VERSION "1.0"
| #define PACKAGE_STRING "birthday_reminder 1.0"
| #define PACKAGE_BUGREPORT "freakazoid@htwm.de"
| #define PACKAGE "birthday_reminder"
| #define VERSION "1.0"
| #define PLUGIN_VERSION "1.0"
| #define PLUGIN_WEBSITE "http://freakazoid.teamblind.de/"
| #define PLUGIN_ID "gtk-freakazoid-birthday_reminder"
| #define PLUGIN_STATIC_NAME "birthday_reminder"
| #define PLUGIN_AUTHOR "Konrad Gräfe <freakazoid@teamblind.de>"
| /* end confdefs.h.  */
| #include <ac_nonexistent.h>
configure:4761: checking for ANSI C header files
configure:4791: gcc -c -g -O2  conftest.c >&5
configure:4797: $? = 0
configure:4896: gcc -o conftest -g -O2   conftest.c  >&5
configure:4899: $? = 0
configure:4905: ./conftest
configure:4908: $? = 0
configure:4925: result: yes
configure:4949: checking for sys/types.h
configure:4970: gcc -c -g -O2  conftest.c >&5
configure:4976: $? = 0
configure:4992: result: yes
configure:4949: checking for sys/stat.h
configure:4970: gcc -c -g -O2  conftest.c >&5
configure:4976: $? = 0
configure:4992: result: yes
configure:4949: checking for stdlib.h
configure:4970: gcc -c -g -O2  conftest.c >&5
configure:4976: $? = 0
configure:4992: result: yes
configure:4949: checking for string.h
configure:4970: gcc -c -g -O2  conftest.c >&5
configure:4976: $? = 0
configure:4992: result: yes
configure:4949: checking for memory.h
configure:4970: gcc -c -g -O2  conftest.c >&5
configure:4976: $? = 0
configure:4992: result: yes
configure:4949: checking for strings.h
configure:4970: gcc -c -g -O2  conftest.c >&5
configure:4976: $? = 0
configure:4992: result: yes
configure:4949: checking for inttypes.h
configure:4970: gcc -c -g -O2  conftest.c >&5
configure:4976: $? = 0
configure:4992: result: yes
configure:4949: checking for stdint.h
configure:4970: gcc -c -g -O2  conftest.c >&5
configure:4976: $? = 0
configure:4992: result: yes
configure:4949: checking for unistd.h
configure:4970: gcc -c -g -O2  conftest.c >&5
configure:4976: $? = 0
configure:4992: result: yes
configure:5019: checking dlfcn.h usability
configure:5036: gcc -c -g -O2  conftest.c >&5
configure:5042: $? = 0
configure:5056: result: yes
configure:5060: checking dlfcn.h presence
configure:5075: gcc -E  conftest.c
configure:5081: $? = 0
configure:5095: result: yes
configure:5128: checking for dlfcn.h
configure:5136: result: yes
configure:5207: checking for g++
configure:5223: found /usr/bin/g++
configure:5234: result: g++
configure:5265: checking for C++ compiler version
configure:5272: g++ --version >&5
g++ (Debian 4.3.2-1.1) 4.3.2
Copyright (C) 2008 Free Software Foundation, Inc.
This is free software; see the source for copying conditions.  There is NO
warranty; not even for MERCHANTABILITY or FITNESS FOR A PARTICULAR PURPOSE.

configure:5275: $? = 0
configure:5282: g++ -v >&5
Using built-in specs.
Target: i486-linux-gnu
Configured with: ../src/configure -v --with-pkgversion='Debian 4.3.2-1.1' --with-bugurl=file:///usr/share/doc/gcc-4.3/README.Bugs --enable-languages=c,c++,fortran,objc,obj-c++ --prefix=/usr --enable-shared --with-system-zlib --libexecdir=/usr/lib --without-included-gettext --enable-threads=posix --enable-nls --with-gxx-include-dir=/usr/include/c++/4.3 --program-suffix=-4.3 --enable-clocale=gnu --enable-libstdcxx-debug --enable-objc-gc --enable-mpfr --enable-targets=all --enable-cld --enable-checking=release --build=i486-linux-gnu --host=i486-linux-gnu --target=i486-linux-gnu
Thread model: posix
gcc version 4.3.2 (Debian 4.3.2-1.1) 
configure:5285: $? = 0
configure:5292: g++ -V >&5
g++: '-V' option must have argument
configure:5295: $? = 1
configure:5298: checking whether we are using the GNU C++ compiler
configure:5327: g++ -c   conftest.cpp >&5
configure:5333: $? = 0
configure:5350: result: yes
configure:5355: checking whether g++ accepts -g
configure:5385: g++ -c -g  conftest.cpp >&5
configure:5391: $? = 0
configure:5490: result: yes
configure:5515: checking dependency style of g++
configure:5598: result: gcc3
configure:5625: checking how to run the C++ preprocessor
configure:5661: g++ -E  conftest.cpp
configure:5667: $? = 0
configure:5698: g++ -E  conftest.cpp
conftest.cpp:26:28: error: ac_nonexistent.h: No such file or directory
configure:5704: $? = 1
configure: failed program was:
| /* confdefs.h.  */
| #define PACKAGE_NAME "birthday_reminder"
| #define PACKAGE_TARNAME "birthday_reminder"
| #define PACKAGE_VERSION "1.0"
| #define PACKAGE_STRING "birthday_reminder 1.0"
| #define PACKAGE_BUGREPORT "freakazoid@htwm.de"
| #define PACKAGE "birthday_reminder"
| #define VERSION "1.0"
| #define PLUGIN_VERSION "1.0"
| #define PLUGIN_WEBSITE "http://freakazoid.teamblind.de/"
| #define PLUGIN_ID "gtk-freakazoid-birthday_reminder"
| #define PLUGIN_STATIC_NAME "birthday_reminder"
| #define PLUGIN_AUTHOR "Konrad Gräfe <freakazoid@teamblind.de>"
| #define STDC_HEADERS 1
| #define HAVE_SYS_TYPES_H 1
| #define HAVE_SYS_STAT_H 1
| #define HAVE_STDLIB_H 1
| #define HAVE_STRING_H 1
| #define HAVE_MEMORY_H 1
| #define HAVE_STRINGS_H 1
| #define HAVE_INTTYPES_H 1
| #define HAVE_STDINT_H 1
| #define HAVE_UNISTD_H 1
| #define HAVE_DLFCN_H 1
| /* end confdefs.h.  */
| #include <ac_nonexistent.h>
configure:5737: result: g++ -E
configure:5766: g++ -E  conftest.cpp
configure:5772: $? = 0
configure:5803: g++ -E  conftest.cpp
conftest.cpp:26:28: error: ac_nonexistent.h: No such file or directory
configure:5809: $? = 1
configure: failed program was:
| /* confdefs.h.  */
| #define PACKAGE_NAME "birthday_reminder"
| #define PACKAGE_TARNAME "birthday_reminder"
| #define PACKAGE_VERSION "1.0"
| #define PACKAGE_STRING "birthday_reminder 1.0"
| #define PACKAGE_BUGREPORT "freakazoid@htwm.de"
| #define PACKAGE "birthday_reminder"
| #define VERSION "1.0"
| #define PLUGIN_VERSION "1.0"
| #define PLUGIN_WEBSITE "http://freakazoid.teamblind.de/"
| #define PLUGIN_ID "gtk-freakazoid-birthday_reminder"
| #define PLUGIN_STATIC_NAME "birthday_reminder"
| #define PLUGIN_AUTHOR "Konrad Gräfe <freakazoid@teamblind.de>"
| #define STDC_HEADERS 1
| #define HAVE_SYS_TYPES_H 1
| #define HAVE_SYS_STAT_H 1
| #define HAVE_STDLIB_H 1
| #define HAVE_STRING_H 1
| #define HAVE_MEMORY_H 1
| #define HAVE_STRINGS_H 1
| #define HAVE_INTTYPES_H 1
| #define HAVE_STDINT_H 1
| #define HAVE_UNISTD_H 1
| #define HAVE_DLFCN_H 1
| /* end confdefs.h.  */
| #include <ac_nonexistent.h>
configure:5902: checking for g77
configure:5932: result: no
configure:5902: checking for xlf
configure:5932: result: no
configure:5902: checking for f77
configure:5932: result: no
configure:5902: checking for frt
configure:5932: result: no
configure:5902: checking for pgf77
configure:5932: result: no
configure:5902: checking for cf77
configure:5932: result: no
configure:5902: checking for fort77
configure:5932: result: no
configure:5902: checking for fl32
configure:5932: result: no
configure:5902: checking for af77
configure:5932: result: no
configure:5902: checking for xlf90
configure:5932: result: no
configure:5902: checking for f90
configure:5932: result: no
configure:5902: checking for pgf90
configure:5932: result: no
configure:5902: checking for pghpf
configure:5932: result: no
configure:5902: checking for epcf90
configure:5932: result: no
configure:5902: checking for gfortran
configure:5932: result: no
configure:5902: checking for g95
configure:5932: result: no
configure:5902: checking for xlf95
configure:5932: result: no
configure:5902: checking for f95
configure:5932: result: no
configure:5902: checking for fort
configure:5932: result: no
configure:5902: checking for ifort
configure:5932: result: no
configure:5902: checking for ifc
configure:5932: result: no
configure:5902: checking for efc
configure:5932: result: no
configure:5902: checking for pgf95
configure:5932: result: no
configure:5902: checking for lf95
configure:5932: result: no
configure:5902: checking for ftn
configure:5932: result: no
configure:5959: checking for Fortran 77 compiler version
configure:5966:  --version >&5
./configure: line 5967: --version: command not found
configure:5969: $? = 127
configure:5976:  -v >&5
./configure: line 5977: -v: command not found
configure:5979: $? = 127
configure:5986:  -V >&5
./configure: line 5987: -V: command not found
configure:5989: $? = 127
configure:5997: checking whether we are using the GNU Fortran 77 compiler
configure:6016:  -c  conftest.F >&5
./configure: line 6017: -c: command not found
configure:6022: $? = 127
configure: failed program was:
|       program main
| #ifndef __GNUC__
|        choke me
| #endif
| 
|       end
configure:6039: result: no
configure:6045: checking whether  accepts -g
configure:6062:  -c -g conftest.f >&5
./configure: line 6063: -c: command not found
configure:6068: $? = 127
configure: failed program was:
|       program main
| 
|       end
configure:6084: result: no
configure:6113: checking the maximum length of command line arguments
configure:6225: result: 98304
configure:6237: checking command to parse /usr/bin/nm -B output from gcc object
configure:6342: gcc -c -g -O2  conftest.c >&5
configure:6345: $? = 0
configure:6349: /usr/bin/nm -B conftest.o \| sed -n -e 's/^.*[ 	]\([ABCDGIRSTW][ABCDGIRSTW]*\)[ 	][ 	]*\([_A-Za-z][_A-Za-z0-9]*\)$/\1 \2 \2/p' \> conftest.nm
configure:6352: $? = 0
configure:6404: gcc -o conftest -g -O2   conftest.c conftstm.o >&5
configure:6407: $? = 0
configure:6445: result: ok
configure:6449: checking for objdir
configure:6464: result: .libs
configure:6556: checking for ar
configure:6572: found /usr/bin/ar
configure:6583: result: ar
configure:6652: checking for ranlib
configure:6668: found /usr/bin/ranlib
configure:6679: result: ranlib
configure:6748: checking for strip
configure:6764: found /usr/bin/strip
configure:6775: result: strip
configure:7373: checking if gcc supports -fno-rtti -fno-exceptions
configure:7391: gcc -c -g -O2  -fno-rtti -fno-exceptions conftest.c >&5
cc1: warning: command line option "-fno-rtti" is valid for C++/ObjC++ but not for C
configure:7395: $? = 0
configure:7408: result: no
configure:7423: checking for gcc option to produce PIC
configure:7655: result: -fPIC
configure:7663: checking if gcc PIC flag -fPIC works
configure:7681: gcc -c -g -O2  -fPIC -DPIC conftest.c >&5
configure:7685: $? = 0
configure:7698: result: yes
configure:7726: checking if gcc static flag -static works
configure:7754: result: yes
configure:7764: checking if gcc supports -c -o file.o
configure:7785: gcc -c -g -O2  -o out/conftest2.o conftest.c >&5
configure:7789: $? = 0
configure:7811: result: yes
configure:7837: checking whether the gcc linker (/usr/bin/ld) supports shared libraries
configure:8818: result: yes
configure:8839: checking whether -lc should be explicitly linked in
configure:8844: gcc -c -g -O2  conftest.c >&5
configure:8847: $? = 0
configure:8862: gcc -shared conftest.o  -v -Wl,-soname -Wl,conftest -o conftest 2\>\&1 \| grep  -lc  \>/dev/null 2\>\&1
configure:8865: $? = 0
configure:8877: result: no
configure:8885: checking dynamic linker characteristics
configure:9499: result: GNU/Linux ld.so
configure:9523: checking how to hardcode library paths into programs
configure:9548: result: immediate
configure:9562: checking whether stripping libraries is possible
configure:9567: result: yes
configure:10369: checking if libtool supports shared libraries
configure:10371: result: yes
configure:10374: checking whether to build shared libraries
configure:10395: result: yes
configure:10398: checking whether to build static libraries
configure:10402: result: yes
configure:10496: creating libtool
configure:11089: checking for ld used by g++
configure:11156: result: /usr/bin/ld
configure:11165: checking if the linker (/usr/bin/ld) is GNU ld
configure:11180: result: yes
configure:11231: checking whether the g++ linker (/usr/bin/ld) supports shared libraries
configure:12177: result: yes
configure:12194: g++ -c -g -O2  conftest.cpp >&5
configure:12197: $? = 0
configure:12353: checking for g++ option to produce PIC
configure:12637: result: -fPIC
configure:12645: checking if g++ PIC flag -fPIC works
configure:12663: g++ -c -g -O2  -fPIC -DPIC conftest.cpp >&5
configure:12667: $? = 0
configure:12680: result: yes
configure:12708: checking if g++ static flag -static works
configure:12736: result: yes
configure:12746: checking if g++ supports -c -o file.o
configure:12767: g++ -c -g -O2  -o out/conftest2.o conftest.cpp >&5
configure:12771: $? = 0
configure:12793: result: yes
configure:12819: checking whether the g++ linker (/usr/bin/ld) supports shared libraries
configure:12848: result: yes
configure:12915: checking dynamic linker characteristics
configure:13477: result: GNU/Linux ld.so
configure:13501: checking how to hardcode library paths into programs
configure:13526: result: immediate
configure:19802: checking for intltool-update
configure:19820: found /usr/bin/intltool-update
configure:19832: result: /usr/bin/intltool-update
configure:19842: checking for intltool-merge
configure:19860: found /usr/bin/intltool-merge
configure:19872: result: /usr/bin/intltool-merge
configure:19882: checking for intltool-extract
configure:19900: found /usr/bin/intltool-extract
configure:19912: result: /usr/bin/intltool-extract
configure:19969: checking for xgettext
configure:19987: found /usr/bin/xgettext
configure:19999: result: /usr/bin/xgettext
configure:20009: checking for msgmerge
configure:20027: found /usr/bin/msgmerge
configure:20039: result: /usr/bin/msgmerge
configure:20049: checking for msgfmt
configure:20067: found /usr/bin/msgfmt
configure:20079: result: /usr/bin/msgfmt
configure:20103: checking for perl
configure:20121: found /usr/bin/perl
configure:20133: result: /usr/bin/perl
configure:20152: checking for XML::Parser
configure:20155: result: ok
configure:20192: gcc -o conftest -g -O2   conftest.c  >&5
configure:20198: $? = 0
configure:20337: checking locale.h usability
configure:20354: gcc -c -g -O2  conftest.c >&5
configure:20360: $? = 0
configure:20374: result: yes
configure:20378: checking locale.h presence
configure:20393: gcc -E  conftest.c
configure:20399: $? = 0
configure:20413: result: yes
configure:20446: checking for locale.h
configure:20454: result: yes
configure:20468: checking for LC_MESSAGES
configure:20494: gcc -o conftest -g -O2   conftest.c  >&5
configure:20500: $? = 0
configure:20517: result: yes
configure:20546: checking libintl.h usability
configure:20563: gcc -c -g -O2  conftest.c >&5
configure:20569: $? = 0
configure:20583: result: yes
configure:20587: checking libintl.h presence
configure:20602: gcc -E  conftest.c
configure:20608: $? = 0
configure:20622: result: yes
configure:20655: checking for libintl.h
configure:20662: result: yes
configure:20673: checking for ngettext in libc
configure:20701: gcc -o conftest -g -O2   conftest.c  >&5
configure:20707: $? = 0
configure:20725: result: yes
configure:20729: checking for dgettext in libc
configure:20757: gcc -o conftest -g -O2   conftest.c  >&5
configure:20763: $? = 0
configure:20781: result: yes
configure:20790: checking for bind_textdomain_codeset
configure:20846: gcc -o conftest -g -O2   conftest.c  >&5
configure:20852: $? = 0
configure:20870: result: yes
configure:21357: checking for msgfmt
configure:21384: result: /usr/bin/msgfmt
configure:21397: checking for dcgettext
configure:21453: gcc -o conftest -g -O2   conftest.c   >&5
conftest.c:54: warning: conflicting types for built-in function 'dcgettext'
configure:21459: $? = 0
configure:21477: result: yes
configure:21488: checking if msgfmt accepts -c
configure:21503: $MSGFMT -c -o /dev/null conftest.foo
configure:21506: $? = 0
configure:21508: result: yes
configure:21518: checking for gmsgfmt
configure:21549: result: /usr/bin/msgfmt
configure:21559: checking for xgettext
configure:21586: result: /usr/bin/xgettext
configure:21615: gcc -o conftest -g -O2   conftest.c   >&5
configure:21621: $? = 0
configure:21790: checking for catalogs to be installed
configure:21815: result:  de ru
configure:21898: checking for pkg-config
configure:21916: found /usr/bin/pkg-config
configure:21928: result: /usr/bin/pkg-config
configure:21957: checking pkg-config is at least version 0.9.0
configure:21960: result: yes
configure:21971: checking for pidgin
configure:21979: $PKG_CONFIG --exists --print-errors "pidgin >= 2.5.2"
configure:21982: $? = 0
configure:21997: $PKG_CONFIG --exists --print-errors "pidgin >= 2.5.2"
configure:22000: $? = 0
configure:22040: result: yes
configure:22180: creating ./config.status

## ---------------------- ##
## Running config.status. ##
## ---------------------- ##

This file was extended by birthday_reminder config.status 1.0, which was
generated by GNU Autoconf 2.61.  Invocation command line was

  CONFIG_FILES    = 
  CONFIG_HEADERS  = 
  CONFIG_LINKS    = 
  CONFIG_COMMANDS = 
  $ ./config.status 

on paktolos

config.status:712: creating Makefile
config.status:712: creating src/Makefile
config.status:712: creating po/Makefile.in
config.status:712: creating share/Makefile
config.status:712: creating share/sounds/Makefile
config.status:712: creating share/pixmaps/Makefile
config.status:712: creating config.h
config.status:945: config.h is unchanged
config.status:991: executing depfiles commands
config.status:991: executing default-1 commands
config.status:991: executing po/stamp-it commands

## ---------------- ##
## Cache variables. ##
## ---------------- ##

ac_cv_build=i686-pc-linux-gnu
ac_cv_c_compiler_gnu=yes
ac_cv_cxx_compiler_gnu=yes
ac_cv_env_CCC_set=
ac_cv_env_CCC_value=
ac_cv_env_CC_set=
ac_cv_env_CC_value=
ac_cv_env_CFLAGS_set=
ac_cv_env_CFLAGS_value=
ac_cv_env_CPPFLAGS_set=
ac_cv_env_CPPFLAGS_value=
ac_cv_env_CPP_set=
ac_cv_env_CPP_value=
ac_cv_env_CXXCPP_set=
ac_cv_env_CXXCPP_value=
ac_cv_env_CXXFLAGS_set=
ac_cv_env_CXXFLAGS_value=
ac_cv_env_CXX_set=
ac_cv_env_CXX_value=
ac_cv_env_F77_set=
ac_cv_env_F77_value=
ac_cv_env_FFLAGS_set=
ac_cv_env_FFLAGS_value=
ac_cv_env_LDFLAGS_set=
ac_cv_env_LDFLAGS_value=
ac_cv_env_LIBS_set=
ac_cv_env_LIBS_value=
ac_cv_env_PKG_CONFIG_set=
ac_cv_env_PKG_CONFIG_value=
ac_cv_env_build_alias_set=
ac_cv_env_build_alias_value=
ac_cv_env_host_alias_set=
ac_cv_env_host_alias_value=
ac_cv_env_pidgin_CFLAGS_set=
ac_cv_env_pidgin_CFLAGS_value=
ac_cv_env_pidgin_LIBS_set=
ac_cv_env_pidgin_LIBS_value=
ac_cv_env_target_alias_set=
ac_cv_env_target_alias_value=
ac_cv_f77_compiler_gnu=no
ac_cv_func_bind_textdomain_codeset=yes
ac_cv_func_dcgettext=yes
ac_cv_header_dlfcn_h=yes
ac_cv_header_inttypes_h=yes
ac_cv_header_libintl_h=yes
ac_cv_header_locale_h=yes
ac_cv_header_memory_h=yes
ac_cv_header_stdc=yes
ac_cv_header_stdint_h=yes
ac_cv_header_stdlib_h=yes
ac_cv_header_string_h=yes
ac_cv_header_strings_h=yes
ac_cv_header_sys_stat_h=yes
ac_cv_header_sys_types_h=yes
ac_cv_header_unistd_h=yes
ac_cv_host=i686-pc-linux-gnu
ac_cv_objext=o
ac_cv_path_EGREP='/bin/grep -E'
ac_cv_path_GMSGFMT=/usr/bin/msgfmt
ac_cv_path_GREP=/bin/grep
ac_cv_path_INTLTOOL_EXTRACT=/usr/bin/intltool-extract
ac_cv_path_INTLTOOL_MERGE=/usr/bin/intltool-merge
ac_cv_path_INTLTOOL_PERL=/usr/bin/perl
ac_cv_path_INTLTOOL_UPDATE=/usr/bin/intltool-update
ac_cv_path_MSGFMT=/usr/bin/msgfmt
ac_cv_path_MSGMERGE=/usr/bin/msgmerge
ac_cv_path_XGETTEXT=/usr/bin/xgettext
ac_cv_path_ac_pt_PKG_CONFIG=/usr/bin/pkg-config
ac_cv_path_install='/usr/bin/install -c'
ac_cv_prog_AWK=mawk
ac_cv_prog_CPP='gcc -E'
ac_cv_prog_CXXCPP='g++ -E'
ac_cv_prog_ac_ct_AR=ar
ac_cv_prog_ac_ct_CC=gcc
ac_cv_prog_ac_ct_CXX=g++
ac_cv_prog_ac_ct_RANLIB=ranlib
ac_cv_prog_ac_ct_STRIP=strip
ac_cv_prog_cc_c89=
ac_cv_prog_cc_g=yes
ac_cv_prog_cxx_g=yes
ac_cv_prog_f77_g=no
ac_cv_prog_make_make_set=yes
am_cv_CC_dependencies_compiler_type=gcc3
am_cv_CXX_dependencies_compiler_type=gcc3
am_cv_val_LC_MESSAGES=yes
gt_cv_func_dgettext_libc=yes
gt_cv_func_dgettext_libintl=no
gt_cv_func_ngettext_libc=yes
gt_cv_have_gettext=yes
lt_cv_deplibs_check_method=pass_all
lt_cv_file_magic_cmd='$MAGIC_CMD'
lt_cv_file_magic_test_file=
lt_cv_ld_reload_flag=-r
lt_cv_objdir=.libs
lt_cv_path_LD=/usr/bin/ld
lt_cv_path_LDCXX=/usr/bin/ld
lt_cv_path_NM='/usr/bin/nm -B'
lt_cv_path_SED=/bin/sed
lt_cv_prog_compiler_c_o=yes
lt_cv_prog_compiler_c_o_CXX=yes
lt_cv_prog_compiler_pic_works=yes
lt_cv_prog_compiler_pic_works_CXX=yes
lt_cv_prog_compiler_rtti_exceptions=no
lt_cv_prog_compiler_static_works=yes
lt_cv_prog_compiler_static_works_CXX=yes
lt_cv_prog_gnu_ld=yes
lt_cv_prog_gnu_ldcxx=yes
lt_cv_sys_global_symbol_pipe='sed -n -e '\''s/^.*[ 	]\([ABCDGIRSTW][ABCDGIRSTW]*\)[ 	][ 	]*\([_A-Za-z][_A-Za-z0-9]*\)$/\1 \2 \2/p'\'''
lt_cv_sys_global_symbol_to_c_name_address='sed -n -e '\''s/^: \([^ ]*\) $/  {\"\1\", (lt_ptr) 0},/p'\'' -e '\''s/^[BCDEGRST] \([^ ]*\) \([^ ]*\)$/  {"\2", (lt_ptr) \&\2},/p'\'''
lt_cv_sys_global_symbol_to_cdecl='sed -n -e '\''s/^. .* \(.*\)$/extern int \1;/p'\'''
lt_cv_sys_lib_dlsearch_path_spec='/lib /usr/lib /lib/i486-linux-gnu /usr/lib/i486-linux-gnu /usr/local/lib '
lt_cv_sys_lib_search_path_spec='/usr/lib/gcc/i486-linux-gnu/4.3.2 /usr/lib /lib'
lt_cv_sys_max_cmd_len=98304
lt_lt_cv_prog_compiler_c_o='"yes"'
lt_lt_cv_prog_compiler_c_o_CXX='"yes"'
lt_lt_cv_sys_global_symbol_pipe='"sed -n -e '\''s/^.*[ 	]\\([ABCDGIRSTW][ABCDGIRSTW]*\\)[ 	][ 	]*\\([_A-Za-z][_A-Za-z0-9]*\\)\$/\\1 \\2 \\2/p'\''"'
lt_lt_cv_sys_global_symbol_to_c_name_address='"sed -n -e '\''s/^: \\([^ ]*\\) \$/  {\\\"\\1\\\", (lt_ptr) 0},/p'\'' -e '\''s/^[BCDEGRST] \\([^ ]*\\) \\([^ ]*\\)\$/  {\"\\2\", (lt_ptr) \\&\\2},/p'\''"'
lt_lt_cv_sys_global_symbol_to_cdecl='"sed -n -e '\''s/^. .* \\(.*\\)\$/extern int \\1;/p'\''"'
pkg_cv_pidgin_CFLAGS='-D_REENTRANT -I/usr/local/include/pidgin -I/usr/local/include/libpurple -I/usr/include/gtk-2.0 -I/usr/lib/gtk-2.0/include -I/usr/include/atk-1.0 -I/usr/include/cairo -I/usr/include/pango-1.0 -I/usr/include/glib-2.0 -I/usr/lib/glib-2.0/include -I/usr/include/freetype2 -I/usr/include/directfb -I/usr/include/libpng12 -I/usr/include/pixman-1  '
pkg_cv_pidgin_LIBS='-L/usr/local/lib -lgtk-x11-2.0 -lpurple -lgdk-x11-2.0 -latk-1.0 -lgdk_pixbuf-2.0 -lm -lpangocairo-1.0 -lpango-1.0 -lcairo -lgobject-2.0 -lgmodule-2.0 -ldl -lglib-2.0  '

## ----------------- ##
## Output variables. ##
## ----------------- ##

ACLOCAL='${SHELL} /home/kgraefe/pidgin/projects/pidgin-birthday/missing --run aclocal-1.7'
ALL_LINGUAS='de ru'
AMDEPBACKSLASH='\'
AMDEP_FALSE='#'
AMDEP_TRUE=''
AMTAR='${SHELL} /home/kgraefe/pidgin/projects/pidgin-birthday/missing --run tar'
AR='ar'
AUTOCONF='${SHELL} /home/kgraefe/pidgin/projects/pidgin-birthday/missing --run autoconf'
AUTOHEADER='${SHELL} /home/kgraefe/pidgin/projects/pidgin-birthday/missing --run autoheader'
AUTOMAKE='${SHELL} /home/kgraefe/pidgin/projects/pidgin-birthday/missing --run automake-1.7'
AWK='mawk'
CATALOGS=' de.gmo ru.gmo'
CATOBJEXT='.gmo'
CC='gcc'
CCDEPMODE='depmode=gcc3'
CFLAGS='-g -O2 -D_REENTRANT -I/usr/local/include/pidgin -I/usr/local/include/libpurple -I/usr/include/gtk-2.0 -I/usr/lib/gtk-2.0/include -I/usr/include/atk-1.0 -I/usr/include/cairo -I/usr/include/pango-1.0 -I/usr/include/glib-2.0 -I/usr/lib/glib-2.0/include -I/usr/include/freetype2 -I/usr/include/directfb -I/usr/include/libpng12 -I/usr/include/pixman-1   -Wall'
CPP='gcc -E'
CPPFLAGS=''
CXX='g++'
CXXCPP='g++ -E'
CXXDEPMODE='depmode=gcc3'
CXXFLAGS='-g -O2'
CYGPATH_W='echo'
DATADIRNAME='share'
DEFS='-DHAVE_CONFIG_H'
DEPDIR='.deps'
DSYMUTIL=''
ECHO='echo'
ECHO_C=''
ECHO_N='-n'
ECHO_T=''
EGREP='/bin/grep -E'
EXEEXT=''
F77=''
FFLAGS=''
GETTEXT_PACKAGE='birthday_reminder'
GMOFILES=' de.gmo ru.gmo'
GMSGFMT='/usr/bin/msgfmt'
GREP='/bin/grep'
INSTALL_DATA='${INSTALL} -m 644'
INSTALL_PROGRAM='${INSTALL}'
INSTALL_SCRIPT='${INSTALL}'
INSTALL_STRIP_PROGRAM='${SHELL} $(install_sh) -c -s'
INSTOBJEXT='.mo'
INTLLIBS=''
INTLTOOL_CAVES_RULE='%.caves:     %.caves.in     $(INTLTOOL_MERGE) $(wildcard $(top_srcdir)/po/*.po) ; LC_ALL=C $(INTLTOOL_MERGE) -d -u -c $(top_builddir)/po/.intltool-merge-cache $(top_srcdir)/po $< $@'
INTLTOOL_DESKTOP_RULE='%.desktop:   %.desktop.in   $(INTLTOOL_MERGE) $(wildcard $(top_srcdir)/po/*.po) ; LC_ALL=C $(INTLTOOL_MERGE) -d -u -c $(top_builddir)/po/.intltool-merge-cache $(top_srcdir)/po $< $@'
INTLTOOL_DIRECTORY_RULE='%.directory: %.directory.in $(INTLTOOL_MERGE) $(wildcard $(top_srcdir)/po/*.po) ; LC_ALL=C $(INTLTOOL_MERGE) -d -u -c $(top_builddir)/po/.intltool-merge-cache $(top_srcdir)/po $< $@'
INTLTOOL_EXTRACT='/usr/bin/intltool-extract'
INTLTOOL_KBD_RULE='%.kbd:       %.kbd.in       $(INTLTOOL_MERGE) $(wildcard $(top_srcdir)/po/*.po) ; LC_ALL=C $(INTLTOOL_MERGE) -x -u -m -c $(top_builddir)/po/.intltool-merge-cache $(top_srcdir)/po $< $@'
INTLTOOL_KEYS_RULE='%.keys:      %.keys.in      $(INTLTOOL_MERGE) $(wildcard $(top_srcdir)/po/*.po) ; LC_ALL=C $(INTLTOOL_MERGE) -k -u -c $(top_builddir)/po/.intltool-merge-cache $(top_srcdir)/po $< $@'
INTLTOOL_MERGE='/usr/bin/intltool-merge'
INTLTOOL_OAF_RULE='%.oaf:       %.oaf.in       $(INTLTOOL_MERGE) $(wildcard $(top_srcdir)/po/*.po) ; LC_ALL=C $(INTLTOOL_MERGE) -o -p $(top_srcdir)/po $< $@'
INTLTOOL_PERL='/usr/bin/perl'
INTLTOOL_POLICY_RULE='%.policy:    %.policy.in    $(INTLTOOL_MERGE) $(wildcard $(top_srcdir)/po/*.po) ; LC_ALL=C $(INTLTOOL_MERGE) -x -u -c $(top_builddir)/po/.intltool-merge-cache $(top_srcdir)/po $< $@'
INTLTOOL_PONG_RULE='%.pong:      %.pong.in      $(INTLTOOL_MERGE) $(wildcard $(top_srcdir)/po/*.po) ; LC_ALL=C $(INTLTOOL_MERGE) -x -u -c $(top_builddir)/po/.intltool-merge-cache $(top_srcdir)/po $< $@'
INTLTOOL_PROP_RULE='%.prop:      %.prop.in      $(INTLTOOL_MERGE) $(wildcard $(top_srcdir)/po/*.po) ; LC_ALL=C $(INTLTOOL_MERGE) -d -u -c $(top_builddir)/po/.intltool-merge-cache $(top_srcdir)/po $< $@'
INTLTOOL_SCHEMAS_RULE='%.schemas:   %.schemas.in   $(INTLTOOL_MERGE) $(wildcard $(top_srcdir)/po/*.po) ; LC_ALL=C $(INTLTOOL_MERGE) -s -u -c $(top_builddir)/po/.intltool-merge-cache $(top_srcdir)/po $< $@'
INTLTOOL_SERVER_RULE='%.server:    %.server.in    $(INTLTOOL_MERGE) $(wildcard $(top_srcdir)/po/*.po) ; LC_ALL=C $(INTLTOOL_MERGE) -o -u -c $(top_builddir)/po/.intltool-merge-cache $(top_srcdir)/po $< $@'
INTLTOOL_SERVICE_RULE='%.service: %.service.in   $(INTLTOOL_MERGE) $(wildcard $(top_srcdir)/po/*.po) ; LC_ALL=C $(INTLTOOL_MERGE) -d -u -c $(top_builddir)/po/.intltool-merge-cache $(top_srcdir)/po $< $@'
INTLTOOL_SHEET_RULE='%.sheet:     %.sheet.in     $(INTLTOOL_MERGE) $(wildcard $(top_srcdir)/po/*.po) ; LC_ALL=C $(INTLTOOL_MERGE) -x -u -c $(top_builddir)/po/.intltool-merge-cache $(top_srcdir)/po $< $@'
INTLTOOL_SOUNDLIST_RULE='%.soundlist: %.soundlist.in $(INTLTOOL_MERGE) $(wildcard $(top_srcdir)/po/*.po) ; LC_ALL=C $(INTLTOOL_MERGE) -d -u -c $(top_builddir)/po/.intltool-merge-cache $(top_srcdir)/po $< $@'
INTLTOOL_THEME_RULE='%.theme:     %.theme.in     $(INTLTOOL_MERGE) $(wildcard $(top_srcdir)/po/*.po) ; LC_ALL=C $(INTLTOOL_MERGE) -d -u -c $(top_builddir)/po/.intltool-merge-cache $(top_srcdir)/po $< $@'
INTLTOOL_UI_RULE='%.ui:        %.ui.in        $(INTLTOOL_MERGE) $(wildcard $(top_srcdir)/po/*.po) ; LC_ALL=C $(INTLTOOL_MERGE) -x -u -c $(top_builddir)/po/.intltool-merge-cache $(top_srcdir)/po $< $@'
INTLTOOL_UPDATE='/usr/bin/intltool-update'
INTLTOOL_XAM_RULE='%.xam:       %.xml.in       $(INTLTOOL_MERGE) $(wildcard $(top_srcdir)/po/*.po) ; LC_ALL=C $(INTLTOOL_MERGE) -x -u -c $(top_builddir)/po/.intltool-merge-cache $(top_srcdir)/po $< $@'
INTLTOOL_XML_NOMERGE_RULE='%.xml:       %.xml.in       $(INTLTOOL_MERGE) ; LC_ALL=C $(INTLTOOL_MERGE) -x -u /tmp $< $@'
INTLTOOL_XML_RULE='%.xml:       %.xml.in       $(INTLTOOL_MERGE) $(wildcard $(top_srcdir)/po/*.po) ; LC_ALL=C $(INTLTOOL_MERGE) -x -u -c $(top_builddir)/po/.intltool-merge-cache $(top_srcdir)/po $< $@'
LDFLAGS=''
LIBOBJS=''
LIBS=' -L/usr/local/lib -lgtk-x11-2.0 -lpurple -lgdk-x11-2.0 -latk-1.0 -lgdk_pixbuf-2.0 -lm -lpangocairo-1.0 -lpango-1.0 -lcairo -lgobject-2.0 -lgmodule-2.0 -ldl -lglib-2.0  '
LIBTOOL='$(SHELL) $(top_builddir)/libtool'
LN_S='ln -s'
LTLIBOBJS=''
MAKEINFO='${SHELL} /home/kgraefe/pidgin/projects/pidgin-birthday/missing --run makeinfo'
MKINSTALLDIRS='./mkinstalldirs'
MSGFMT='/usr/bin/msgfmt'
MSGFMT_OPTS='-c'
MSGMERGE='/usr/bin/msgmerge'
NMEDIT=''
OBJEXT='o'
PACKAGE='birthday_reminder'
PACKAGE_BUGREPORT='freakazoid@htwm.de'
PACKAGE_NAME='birthday_reminder'
PACKAGE_STRING='birthday_reminder 1.0'
PACKAGE_TARNAME='birthday_reminder'
PACKAGE_VERSION='1.0'
PATH_SEPARATOR=':'
PKG_CONFIG='/usr/bin/pkg-config'
POFILES=' de.po ru.po'
POSUB='po'
PO_IN_DATADIR_FALSE=''
PO_IN_DATADIR_TRUE=''
RANLIB='ranlib'
SED='/bin/sed'
SET_MAKE=''
SHELL='/bin/sh'
STRIP='strip'
USE_NLS='yes'
VERSION='1.0'
XGETTEXT='/usr/bin/xgettext'
ac_ct_CC='gcc'
ac_ct_CXX='g++'
ac_ct_F77=''
am__fastdepCC_FALSE='#'
am__fastdepCC_TRUE=''
am__fastdepCXX_FALSE='#'
am__fastdepCXX_TRUE=''
am__include='include'
am__leading_dot='.'
am__quote=''
bindir='${exec_prefix}/bin'
build='i686-pc-linux-gnu'
build_alias=''
build_cpu='i686'
build_os='linux-gnu'
build_vendor='pc'
datadir='${datarootdir}'
datarootdir='${prefix}/share'
docdir='${datarootdir}/doc/${PACKAGE_TARNAME}'
dvidir='${docdir}'
exec_prefix='${prefix}'
host='i686-pc-linux-gnu'
host_alias=''
host_cpu='i686'
host_os='linux-gnu'
host_vendor='pc'
htmldir='${docdir}'
includedir='${prefix}/include'
infodir='${datarootdir}/info'
install_sh='/home/kgraefe/pidgin/projects/pidgin-birthday/install-sh'
libdir='${exec_prefix}/lib'
libexecdir='${exec_prefix}/libexec'
localedir='${datarootdir}/locale'
localstatedir='${prefix}/var'
mandir='${datarootdir}/man'
oldincludedir='/usr/include'
pdfdir='${docdir}'
pidgin_CFLAGS='-D_REENTRANT -I/usr/local/include/pidgin -I/usr/local/include/libpurple -I/usr/include/gtk-2.0 -I/usr/lib/gtk-2.0/include -I/usr/include/atk-1.0 -I/usr/include/cairo -I/usr/include/pango-1.0 -I/usr/include/glib-2.0 -I/usr/lib/glib-2.0/include -I/usr/include/freetype2 -I/usr/include/directfb -I/usr/include/libpng12 -I/usr/include/pixman-1  '
pidgin_LIBS='-L/usr/local/lib -lgtk-x11-2.0 -lpurple -lgdk-x11-2.0 -latk-1.0 -lgdk_pixbuf-2.0 -lm -lpangocairo-1.0 -lpango-1.0 -lcairo -lgobject-2.0 -lgmodule-2.0 -ldl -lglib-2.0  '
prefix='/usr/local'
program_transform_name='s,x,x,'
psdir='${docdir}'
sbindir='${exec_prefix}/sbin'
sharedstatedir='${prefix}/com'
sysconfdir='${prefix}/etc'
target_alias=''

## ----------- ##
## confdefs.h. ##
## ----------- ##

#define PACKAGE_NAME "birthday_reminder"
#define PACKAGE_TARNAME "birthday_reminder"
#define PACKAGE_VERSION "1.0"
#define PACKAGE_STRING "birthday_reminder 1.0"
#define PACKAGE_BUGREPORT "freakazoid@htwm.de"
#define PACKAGE "birthday_reminder"
#define VERSION "1.0"
#define PLUGIN_VERSION "1.0"
#define PLUGIN_WEBSITE "http://freakazoid.teamblind.de/"
#define PLUGIN_ID "gtk-freakazoid-birthday_reminder"
#define PLUGIN_STATIC_NAME "birthday_reminder"
#define PLUGIN_AUTHOR "Konrad Gräfe <freakazoid@teamblind.de>"
#define STDC_HEADERS 1
#define HAVE_SYS_TYPES_H 1
#define HAVE_SYS_STAT_H 1
#define HAVE_STDLIB_H 1
#define HAVE_STRING_H 1
#define HAVE_MEMORY_H 1
#define HAVE_STRINGS_H 1
#define HAVE_INTTYPES_H 1
#define HAVE_STDINT_H 1
#define HAVE_UNISTD_H 1
#define HAVE_DLFCN_H 1
#define GETTEXT_PACKAGE "birthday_reminder"
#define HAVE_LOCALE_H 1
#define HAVE_LC_MESSAGES 1
#define HAVE_BIND_TEXTDOMAIN_CODESET 1
#define HAVE_GETTEXT 1
#define HAVE_DCGETTEXT 1
#define ENABLE_NLS 1

configure: exit 0

## ---------------------- ##
## Running config.status. ##
## ---------------------- ##

This file was extended by birthday_reminder config.status 1.0, which was
generated by GNU Autoconf 2.61.  Invocation command line was

  CONFIG_FILES    = 
  CONFIG_HEADERS  = 
  CONFIG_LINKS    = 
  CONFIG_COMMANDS = 
  $ ./config.status src/Makefile depfiles

on paktolos

config.status:712: creating src/Makefile
config.status:991: executing depfiles commands

## ---------------------- ##
## Running config.status. ##
## ---------------------- ##

This file was extended by birthday_reminder config.status 1.0, which was
generated by GNU Autoconf 2.61.  Invocation command line was

  CONFIG_FILES    = 
  CONFIG_HEADERS  = 
  CONFIG_LINKS    = 
  CONFIG_COMMANDS = 
  $ ./config.status share/Makefile

on paktolos

config.status:712: creating share/Makefile

## ---------------------- ##
## Running config.status. ##
## ---------------------- ##

This file was extended by birthday_reminder config.status 1.0, which was
generated by GNU Autoconf 2.61.  Invocation command line was

  CONFIG_FILES    = 
  CONFIG_HEADERS  = 
  CONFIG_LINKS    = 
  CONFIG_COMMANDS = 
  $ ./config.status share/sounds/Makefile

on paktolos

config.status:712: creating share/sounds/Makefile

## ---------------------- ##
## Running config.status. ##
## ---------------------- ##

This file was extended by birthday_reminder config.status 1.0, which was
generated by GNU Autoconf 2.61.  Invocation command line was

  CONFIG_FILES    = 
  CONFIG_HEADERS  = 
  CONFIG_LINKS    = 
  CONFIG_COMMANDS = 
  $ ./config.status share/pixmaps/Makefile

on paktolos

config.status:712: creating share/pixmaps/Makefile
